<?xml version="1.0" encoding="UTF-8"?>
<!-- Generated by org.testng.reporters.JUnitReportReporter -->
<testsuite skipped="0" hostname="HaRi" name="scripts.Guruu" tests="1" failures="0" timestamp="07 Apr 2018 14:26:34 GMT" time="50.120" errors="0">
  <testcase name="Test1" time="50.120" classname="scripts.Guruu"/>
</testsuite> <!-- scripts.Guruu -->
